  Texture2D.cpp
glfw3_mt.lib(context.obj) : warning LNK4006: glfwMakeContextCurrent already defined in glfw3.lib(context.obj); second definition ignored
glfw3_mt.lib(context.obj) : warning LNK4006: glfwGetCurrentContext already defined in glfw3.lib(context.obj); second definition ignored
glfw3_mt.lib(context.obj) : warning LNK4006: glfwSwapBuffers already defined in glfw3.lib(context.obj); second definition ignored
glfw3_mt.lib(context.obj) : warning LNK4006: glfwSwapInterval already defined in glfw3.lib(context.obj); second definition ignored
glfw3_mt.lib(context.obj) : warning LNK4006: glfwExtensionSupported already defined in glfw3.lib(context.obj); second definition ignored
glfw3_mt.lib(context.obj) : warning LNK4006: glfwGetProcAddress already defined in glfw3.lib(context.obj); second definition ignored
glfw3_mt.lib(context.obj) : warning LNK4006: _glfwStringInExtensionString already defined in glfw3.lib(context.obj); second definition ignored
glfw3_mt.lib(context.obj) : warning LNK4006: _glfwChooseFBConfig already defined in glfw3.lib(context.obj); second definition ignored
glfw3_mt.lib(context.obj) : warning LNK4006: _glfwRefreshContextAttribs already defined in glfw3.lib(context.obj); second definition ignored
glfw3_mt.lib(context.obj) : warning LNK4006: _glfwIsValidContextConfig already defined in glfw3.lib(context.obj); second definition ignored
glfw3_mt.lib(init.obj) : warning LNK4006: _glfw already defined in glfw3.lib(init.obj); second definition ignored
glfw3_mt.lib(init.obj) : warning LNK4006: glfwInit already defined in glfw3.lib(init.obj); second definition ignored
glfw3_mt.lib(init.obj) : warning LNK4006: glfwTerminate already defined in glfw3.lib(init.obj); second definition ignored
glfw3_mt.lib(init.obj) : warning LNK4006: glfwInitHint already defined in glfw3.lib(init.obj); second definition ignored
glfw3_mt.lib(init.obj) : warning LNK4006: glfwInitAllocator already defined in glfw3.lib(init.obj); second definition ignored
glfw3_mt.lib(init.obj) : warning LNK4006: glfwGetVersion already defined in glfw3.lib(init.obj); second definition ignored
glfw3_mt.lib(init.obj) : warning LNK4006: glfwGetError already defined in glfw3.lib(init.obj); second definition ignored
glfw3_mt.lib(init.obj) : warning LNK4006: glfwSetErrorCallback already defined in glfw3.lib(init.obj); second definition ignored
glfw3_mt.lib(init.obj) : warning LNK4006: _glfwInputError already defined in glfw3.lib(init.obj); second definition ignored
glfw3_mt.lib(init.obj) : warning LNK4006: _glfwEncodeUTF8 already defined in glfw3.lib(init.obj); second definition ignored
glfw3_mt.lib(init.obj) : warning LNK4006: _glfwParseUriList already defined in glfw3.lib(init.obj); second definition ignored
glfw3_mt.lib(init.obj) : warning LNK4006: _glfw_strdup already defined in glfw3.lib(init.obj); second definition ignored
glfw3_mt.lib(init.obj) : warning LNK4006: _glfw_min already defined in glfw3.lib(init.obj); second definition ignored
glfw3_mt.lib(init.obj) : warning LNK4006: _glfw_max already defined in glfw3.lib(init.obj); second definition ignored
glfw3_mt.lib(init.obj) : warning LNK4006: _glfw_calloc already defined in glfw3.lib(init.obj); second definition ignored
glfw3_mt.lib(init.obj) : warning LNK4006: _glfw_realloc already defined in glfw3.lib(init.obj); second definition ignored
glfw3_mt.lib(init.obj) : warning LNK4006: _glfw_free already defined in glfw3.lib(init.obj); second definition ignored
glfw3_mt.lib(init.obj) : warning LNK4006: glfwInitVulkanLoader already defined in glfw3.lib(init.obj); second definition ignored
glfw3_mt.lib(input.obj) : warning LNK4006: _glfwDefaultMappings already defined in glfw3.lib(input.obj); second definition ignored
glfw3_mt.lib(input.obj) : warning LNK4006: glfwGetInputMode already defined in glfw3.lib(input.obj); second definition ignored
glfw3_mt.lib(input.obj) : warning LNK4006: glfwSetInputMode already defined in glfw3.lib(input.obj); second definition ignored
glfw3_mt.lib(input.obj) : warning LNK4006: glfwRawMouseMotionSupported already defined in glfw3.lib(input.obj); second definition ignored
glfw3_mt.lib(input.obj) : warning LNK4006: glfwGetKeyName already defined in glfw3.lib(input.obj); second definition ignored
glfw3_mt.lib(input.obj) : warning LNK4006: glfwGetKeyScancode already defined in glfw3.lib(input.obj); second definition ignored
glfw3_mt.lib(input.obj) : warning LNK4006: glfwGetKey already defined in glfw3.lib(input.obj); second definition ignored
glfw3_mt.lib(input.obj) : warning LNK4006: glfwGetMouseButton already defined in glfw3.lib(input.obj); second definition ignored
glfw3_mt.lib(input.obj) : warning LNK4006: glfwGetCursorPos already defined in glfw3.lib(input.obj); second definition ignored
glfw3_mt.lib(input.obj) : warning LNK4006: glfwSetCursorPos already defined in glfw3.lib(input.obj); second definition ignored
glfw3_mt.lib(input.obj) : warning LNK4006: glfwCreateCursor already defined in glfw3.lib(input.obj); second definition ignored
glfw3_mt.lib(input.obj) : warning LNK4006: glfwCreateStandardCursor already defined in glfw3.lib(input.obj); second definition ignored
glfw3_mt.lib(input.obj) : warning LNK4006: glfwDestroyCursor already defined in glfw3.lib(input.obj); second definition ignored
glfw3_mt.lib(input.obj) : warning LNK4006: glfwSetCursor already defined in glfw3.lib(input.obj); second definition ignored
glfw3_mt.lib(input.obj) : warning LNK4006: glfwSetKeyCallback already defined in glfw3.lib(input.obj); second definition ignored
glfw3_mt.lib(input.obj) : warning LNK4006: glfwSetCharCallback already defined in glfw3.lib(input.obj); second definition ignored
glfw3_mt.lib(input.obj) : warning LNK4006: glfwSetCharModsCallback already defined in glfw3.lib(input.obj); second definition ignored
glfw3_mt.lib(input.obj) : warning LNK4006: glfwSetMouseButtonCallback already defined in glfw3.lib(input.obj); second definition ignored
glfw3_mt.lib(input.obj) : warning LNK4006: glfwSetCursorPosCallback already defined in glfw3.lib(input.obj); second definition ignored
glfw3_mt.lib(input.obj) : warning LNK4006: glfwSetCursorEnterCallback already defined in glfw3.lib(input.obj); second definition ignored
glfw3_mt.lib(input.obj) : warning LNK4006: glfwSetScrollCallback already defined in glfw3.lib(input.obj); second definition ignored
glfw3_mt.lib(input.obj) : warning LNK4006: glfwSetDropCallback already defined in glfw3.lib(input.obj); second definition ignored
glfw3_mt.lib(input.obj) : warning LNK4006: glfwJoystickPresent already defined in glfw3.lib(input.obj); second definition ignored
glfw3_mt.lib(input.obj) : warning LNK4006: glfwGetJoystickAxes already defined in glfw3.lib(input.obj); second definition ignored
glfw3_mt.lib(input.obj) : warning LNK4006: glfwGetJoystickButtons already defined in glfw3.lib(input.obj); second definition ignored
glfw3_mt.lib(input.obj) : warning LNK4006: glfwGetJoystickHats already defined in glfw3.lib(input.obj); second definition ignored
glfw3_mt.lib(input.obj) : warning LNK4006: glfwGetJoystickName already defined in glfw3.lib(input.obj); second definition ignored
glfw3_mt.lib(input.obj) : warning LNK4006: glfwGetJoystickGUID already defined in glfw3.lib(input.obj); second definition ignored
glfw3_mt.lib(input.obj) : warning LNK4006: glfwSetJoystickUserPointer already defined in glfw3.lib(input.obj); second definition ignored
glfw3_mt.lib(input.obj) : warning LNK4006: glfwGetJoystickUserPointer already defined in glfw3.lib(input.obj); second definition ignored
glfw3_mt.lib(input.obj) : warning LNK4006: glfwJoystickIsGamepad already defined in glfw3.lib(input.obj); second definition ignored
glfw3_mt.lib(input.obj) : warning LNK4006: glfwSetJoystickCallback already defined in glfw3.lib(input.obj); second definition ignored
glfw3_mt.lib(input.obj) : warning LNK4006: glfwUpdateGamepadMappings already defined in glfw3.lib(input.obj); second definition ignored
glfw3_mt.lib(input.obj) : warning LNK4006: glfwGetGamepadName already defined in glfw3.lib(input.obj); second definition ignored
glfw3_mt.lib(input.obj) : warning LNK4006: glfwGetGamepadState already defined in glfw3.lib(input.obj); second definition ignored
glfw3_mt.lib(input.obj) : warning LNK4006: glfwSetClipboardString already defined in glfw3.lib(input.obj); second definition ignored
glfw3_mt.lib(input.obj) : warning LNK4006: glfwGetClipboardString already defined in glfw3.lib(input.obj); second definition ignored
glfw3_mt.lib(input.obj) : warning LNK4006: glfwGetTime already defined in glfw3.lib(input.obj); second definition ignored
glfw3_mt.lib(input.obj) : warning LNK4006: glfwSetTime already defined in glfw3.lib(input.obj); second definition ignored
glfw3_mt.lib(input.obj) : warning LNK4006: glfwGetTimerValue already defined in glfw3.lib(input.obj); second definition ignored
glfw3_mt.lib(input.obj) : warning LNK4006: glfwGetTimerFrequency already defined in glfw3.lib(input.obj); second definition ignored
glfw3_mt.lib(input.obj) : warning LNK4006: _glfwInputKey already defined in glfw3.lib(input.obj); second definition ignored
glfw3_mt.lib(input.obj) : warning LNK4006: _glfwInputChar already defined in glfw3.lib(input.obj); second definition ignored
glfw3_mt.lib(input.obj) : warning LNK4006: _glfwInputScroll already defined in glfw3.lib(input.obj); second definition ignored
glfw3_mt.lib(input.obj) : warning LNK4006: _glfwInputMouseClick already defined in glfw3.lib(input.obj); second definition ignored
glfw3_mt.lib(input.obj) : warning LNK4006: _glfwInputCursorPos already defined in glfw3.lib(input.obj); second definition ignored
glfw3_mt.lib(input.obj) : warning LNK4006: _glfwInputCursorEnter already defined in glfw3.lib(input.obj); second definition ignored
glfw3_mt.lib(input.obj) : warning LNK4006: _glfwInputDrop already defined in glfw3.lib(input.obj); second definition ignored
glfw3_mt.lib(input.obj) : warning LNK4006: _glfwInputJoystick already defined in glfw3.lib(input.obj); second definition ignored
glfw3_mt.lib(input.obj) : warning LNK4006: _glfwInputJoystickAxis already defined in glfw3.lib(input.obj); second definition ignored
glfw3_mt.lib(input.obj) : warning LNK4006: _glfwInputJoystickButton already defined in glfw3.lib(input.obj); second definition ignored
glfw3_mt.lib(input.obj) : warning LNK4006: _glfwInputJoystickHat already defined in glfw3.lib(input.obj); second definition ignored
glfw3_mt.lib(input.obj) : warning LNK4006: _glfwInitGamepadMappings already defined in glfw3.lib(input.obj); second definition ignored
glfw3_mt.lib(input.obj) : warning LNK4006: _glfwAllocJoystick already defined in glfw3.lib(input.obj); second definition ignored
glfw3_mt.lib(input.obj) : warning LNK4006: _glfwFreeJoystick already defined in glfw3.lib(input.obj); second definition ignored
glfw3_mt.lib(input.obj) : warning LNK4006: _glfwCenterCursorInContentArea already defined in glfw3.lib(input.obj); second definition ignored
glfw3_mt.lib(monitor.obj) : warning LNK4006: glfwGetMonitors already defined in glfw3.lib(monitor.obj); second definition ignored
glfw3_mt.lib(monitor.obj) : warning LNK4006: glfwGetPrimaryMonitor already defined in glfw3.lib(monitor.obj); second definition ignored
glfw3_mt.lib(monitor.obj) : warning LNK4006: glfwGetMonitorPos already defined in glfw3.lib(monitor.obj); second definition ignored
glfw3_mt.lib(monitor.obj) : warning LNK4006: glfwGetMonitorWorkarea already defined in glfw3.lib(monitor.obj); second definition ignored
glfw3_mt.lib(monitor.obj) : warning LNK4006: glfwGetMonitorPhysicalSize already defined in glfw3.lib(monitor.obj); second definition ignored
glfw3_mt.lib(monitor.obj) : warning LNK4006: glfwGetMonitorContentScale already defined in glfw3.lib(monitor.obj); second definition ignored
glfw3_mt.lib(monitor.obj) : warning LNK4006: glfwGetMonitorName already defined in glfw3.lib(monitor.obj); second definition ignored
glfw3_mt.lib(monitor.obj) : warning LNK4006: glfwSetMonitorUserPointer already defined in glfw3.lib(monitor.obj); second definition ignored
glfw3_mt.lib(monitor.obj) : warning LNK4006: glfwGetMonitorUserPointer already defined in glfw3.lib(monitor.obj); second definition ignored
glfw3_mt.lib(monitor.obj) : warning LNK4006: glfwSetMonitorCallback already defined in glfw3.lib(monitor.obj); second definition ignored
glfw3_mt.lib(monitor.obj) : warning LNK4006: glfwGetVideoModes already defined in glfw3.lib(monitor.obj); second definition ignored
glfw3_mt.lib(monitor.obj) : warning LNK4006: glfwGetVideoMode already defined in glfw3.lib(monitor.obj); second definition ignored
glfw3_mt.lib(monitor.obj) : warning LNK4006: glfwSetGamma already defined in glfw3.lib(monitor.obj); second definition ignored
glfw3_mt.lib(monitor.obj) : warning LNK4006: glfwGetGammaRamp already defined in glfw3.lib(monitor.obj); second definition ignored
glfw3_mt.lib(monitor.obj) : warning LNK4006: glfwSetGammaRamp already defined in glfw3.lib(monitor.obj); second definition ignored
glfw3_mt.lib(monitor.obj) : warning LNK4006: _glfwInputMonitor already defined in glfw3.lib(monitor.obj); second definition ignored
glfw3_mt.lib(monitor.obj) : warning LNK4006: _glfwInputMonitorWindow already defined in glfw3.lib(monitor.obj); second definition ignored
glfw3_mt.lib(monitor.obj) : warning LNK4006: _glfwChooseVideoMode already defined in glfw3.lib(monitor.obj); second definition ignored
glfw3_mt.lib(monitor.obj) : warning LNK4006: _glfwCompareVideoModes already defined in glfw3.lib(monitor.obj); second definition ignored
glfw3_mt.lib(monitor.obj) : warning LNK4006: _glfwAllocMonitor already defined in glfw3.lib(monitor.obj); second definition ignored
glfw3_mt.lib(monitor.obj) : warning LNK4006: _glfwFreeMonitor already defined in glfw3.lib(monitor.obj); second definition ignored
glfw3_mt.lib(monitor.obj) : warning LNK4006: _glfwAllocGammaArrays already defined in glfw3.lib(monitor.obj); second definition ignored
glfw3_mt.lib(monitor.obj) : warning LNK4006: _glfwFreeGammaArrays already defined in glfw3.lib(monitor.obj); second definition ignored
glfw3_mt.lib(monitor.obj) : warning LNK4006: _glfwSplitBPP already defined in glfw3.lib(monitor.obj); second definition ignored
glfw3_mt.lib(platform.obj) : warning LNK4006: glfwGetVersionString already defined in glfw3.lib(platform.obj); second definition ignored
glfw3_mt.lib(platform.obj) : warning LNK4006: glfwGetPlatform already defined in glfw3.lib(platform.obj); second definition ignored
glfw3_mt.lib(platform.obj) : warning LNK4006: glfwPlatformSupported already defined in glfw3.lib(platform.obj); second definition ignored
glfw3_mt.lib(platform.obj) : warning LNK4006: _glfwSelectPlatform already defined in glfw3.lib(platform.obj); second definition ignored
glfw3_mt.lib(vulkan.obj) : warning LNK4006: glfwVulkanSupported already defined in glfw3.lib(vulkan.obj); second definition ignored
glfw3_mt.lib(vulkan.obj) : warning LNK4006: glfwGetRequiredInstanceExtensions already defined in glfw3.lib(vulkan.obj); second definition ignored
glfw3_mt.lib(vulkan.obj) : warning LNK4006: _glfwInitVulkan already defined in glfw3.lib(vulkan.obj); second definition ignored
glfw3_mt.lib(vulkan.obj) : warning LNK4006: _glfwTerminateVulkan already defined in glfw3.lib(vulkan.obj); second definition ignored
glfw3_mt.lib(vulkan.obj) : warning LNK4006: _glfwGetVulkanResultString already defined in glfw3.lib(vulkan.obj); second definition ignored
glfw3_mt.lib(vulkan.obj) : warning LNK4006: glfwGetInstanceProcAddress already defined in glfw3.lib(vulkan.obj); second definition ignored
glfw3_mt.lib(vulkan.obj) : warning LNK4006: glfwGetPhysicalDevicePresentationSupport already defined in glfw3.lib(vulkan.obj); second definition ignored
glfw3_mt.lib(vulkan.obj) : warning LNK4006: glfwCreateWindowSurface already defined in glfw3.lib(vulkan.obj); second definition ignored
glfw3_mt.lib(window.obj) : warning LNK4006: glfwDefaultWindowHints already defined in glfw3.lib(window.obj); second definition ignored
glfw3_mt.lib(window.obj) : warning LNK4006: glfwWindowHint already defined in glfw3.lib(window.obj); second definition ignored
glfw3_mt.lib(window.obj) : warning LNK4006: glfwWindowHintString already defined in glfw3.lib(window.obj); second definition ignored
glfw3_mt.lib(window.obj) : warning LNK4006: glfwCreateWindow already defined in glfw3.lib(window.obj); second definition ignored
glfw3_mt.lib(window.obj) : warning LNK4006: glfwDestroyWindow already defined in glfw3.lib(window.obj); second definition ignored
glfw3_mt.lib(window.obj) : warning LNK4006: glfwWindowShouldClose already defined in glfw3.lib(window.obj); second definition ignored
glfw3_mt.lib(window.obj) : warning LNK4006: glfwSetWindowShouldClose already defined in glfw3.lib(window.obj); second definition ignored
glfw3_mt.lib(window.obj) : warning LNK4006: glfwGetWindowTitle already defined in glfw3.lib(window.obj); second definition ignored
glfw3_mt.lib(window.obj) : warning LNK4006: glfwSetWindowTitle already defined in glfw3.lib(window.obj); second definition ignored
glfw3_mt.lib(window.obj) : warning LNK4006: glfwSetWindowIcon already defined in glfw3.lib(window.obj); second definition ignored
glfw3_mt.lib(window.obj) : warning LNK4006: glfwGetWindowPos already defined in glfw3.lib(window.obj); second definition ignored
glfw3_mt.lib(window.obj) : warning LNK4006: glfwSetWindowPos already defined in glfw3.lib(window.obj); second definition ignored
glfw3_mt.lib(window.obj) : warning LNK4006: glfwGetWindowSize already defined in glfw3.lib(window.obj); second definition ignored
glfw3_mt.lib(window.obj) : warning LNK4006: glfwSetWindowSizeLimits already defined in glfw3.lib(window.obj); second definition ignored
glfw3_mt.lib(window.obj) : warning LNK4006: glfwSetWindowAspectRatio already defined in glfw3.lib(window.obj); second definition ignored
glfw3_mt.lib(window.obj) : warning LNK4006: glfwSetWindowSize already defined in glfw3.lib(window.obj); second definition ignored
glfw3_mt.lib(window.obj) : warning LNK4006: glfwGetFramebufferSize already defined in glfw3.lib(window.obj); second definition ignored
glfw3_mt.lib(window.obj) : warning LNK4006: glfwGetWindowFrameSize already defined in glfw3.lib(window.obj); second definition ignored
glfw3_mt.lib(window.obj) : warning LNK4006: glfwGetWindowContentScale already defined in glfw3.lib(window.obj); second definition ignored
glfw3_mt.lib(window.obj) : warning LNK4006: glfwGetWindowOpacity already defined in glfw3.lib(window.obj); second definition ignored
glfw3_mt.lib(window.obj) : warning LNK4006: glfwSetWindowOpacity already defined in glfw3.lib(window.obj); second definition ignored
glfw3_mt.lib(window.obj) : warning LNK4006: glfwIconifyWindow already defined in glfw3.lib(window.obj); second definition ignored
glfw3_mt.lib(window.obj) : warning LNK4006: glfwRestoreWindow already defined in glfw3.lib(window.obj); second definition ignored
glfw3_mt.lib(window.obj) : warning LNK4006: glfwMaximizeWindow already defined in glfw3.lib(window.obj); second definition ignored
glfw3_mt.lib(window.obj) : warning LNK4006: glfwShowWindow already defined in glfw3.lib(window.obj); second definition ignored
glfw3_mt.lib(window.obj) : warning LNK4006: glfwHideWindow already defined in glfw3.lib(window.obj); second definition ignored
glfw3_mt.lib(window.obj) : warning LNK4006: glfwFocusWindow already defined in glfw3.lib(window.obj); second definition ignored
glfw3_mt.lib(window.obj) : warning LNK4006: glfwRequestWindowAttention already defined in glfw3.lib(window.obj); second definition ignored
glfw3_mt.lib(window.obj) : warning LNK4006: glfwGetWindowMonitor already defined in glfw3.lib(window.obj); second definition ignored
glfw3_mt.lib(window.obj) : warning LNK4006: glfwSetWindowMonitor already defined in glfw3.lib(window.obj); second definition ignored
glfw3_mt.lib(window.obj) : warning LNK4006: glfwGetWindowAttrib already defined in glfw3.lib(window.obj); second definition ignored
glfw3_mt.lib(window.obj) : warning LNK4006: glfwSetWindowAttrib already defined in glfw3.lib(window.obj); second definition ignored
glfw3_mt.lib(window.obj) : warning LNK4006: glfwSetWindowUserPointer already defined in glfw3.lib(window.obj); second definition ignored
glfw3_mt.lib(window.obj) : warning LNK4006: glfwGetWindowUserPointer already defined in glfw3.lib(window.obj); second definition ignored
glfw3_mt.lib(window.obj) : warning LNK4006: glfwSetWindowPosCallback already defined in glfw3.lib(window.obj); second definition ignored
glfw3_mt.lib(window.obj) : warning LNK4006: glfwSetWindowSizeCallback already defined in glfw3.lib(window.obj); second definition ignored
glfw3_mt.lib(window.obj) : warning LNK4006: glfwSetWindowCloseCallback already defined in glfw3.lib(window.obj); second definition ignored
glfw3_mt.lib(window.obj) : warning LNK4006: glfwSetWindowRefreshCallback already defined in glfw3.lib(window.obj); second definition ignored
glfw3_mt.lib(window.obj) : warning LNK4006: glfwSetWindowFocusCallback already defined in glfw3.lib(window.obj); second definition ignored
glfw3_mt.lib(window.obj) : warning LNK4006: glfwSetWindowIconifyCallback already defined in glfw3.lib(window.obj); second definition ignored
glfw3_mt.lib(window.obj) : warning LNK4006: glfwSetWindowMaximizeCallback already defined in glfw3.lib(window.obj); second definition ignored
glfw3_mt.lib(window.obj) : warning LNK4006: glfwSetFramebufferSizeCallback already defined in glfw3.lib(window.obj); second definition ignored
glfw3_mt.lib(window.obj) : warning LNK4006: glfwSetWindowContentScaleCallback already defined in glfw3.lib(window.obj); second definition ignored
glfw3_mt.lib(window.obj) : warning LNK4006: glfwPollEvents already defined in glfw3.lib(window.obj); second definition ignored
glfw3_mt.lib(window.obj) : warning LNK4006: glfwWaitEvents already defined in glfw3.lib(window.obj); second definition ignored
glfw3_mt.lib(window.obj) : warning LNK4006: glfwWaitEventsTimeout already defined in glfw3.lib(window.obj); second definition ignored
glfw3_mt.lib(window.obj) : warning LNK4006: glfwPostEmptyEvent already defined in glfw3.lib(window.obj); second definition ignored
glfw3_mt.lib(window.obj) : warning LNK4006: _glfwInputWindowFocus already defined in glfw3.lib(window.obj); second definition ignored
glfw3_mt.lib(window.obj) : warning LNK4006: _glfwInputWindowPos already defined in glfw3.lib(window.obj); second definition ignored
glfw3_mt.lib(window.obj) : warning LNK4006: _glfwInputWindowSize already defined in glfw3.lib(window.obj); second definition ignored
glfw3_mt.lib(window.obj) : warning LNK4006: _glfwInputFramebufferSize already defined in glfw3.lib(window.obj); second definition ignored
glfw3_mt.lib(window.obj) : warning LNK4006: _glfwInputWindowContentScale already defined in glfw3.lib(window.obj); second definition ignored
glfw3_mt.lib(window.obj) : warning LNK4006: _glfwInputWindowIconify already defined in glfw3.lib(window.obj); second definition ignored
glfw3_mt.lib(window.obj) : warning LNK4006: _glfwInputWindowMaximize already defined in glfw3.lib(window.obj); second definition ignored
glfw3_mt.lib(window.obj) : warning LNK4006: _glfwInputWindowDamage already defined in glfw3.lib(window.obj); second definition ignored
glfw3_mt.lib(window.obj) : warning LNK4006: _glfwInputWindowCloseRequest already defined in glfw3.lib(window.obj); second definition ignored
glfw3_mt.lib(window.obj) : warning LNK4006: _glfwInputWindowMonitor already defined in glfw3.lib(window.obj); second definition ignored
glfw3_mt.lib(egl_context.obj) : warning LNK4006: glfwGetEGLDisplay already defined in glfw3.lib(egl_context.obj); second definition ignored
glfw3_mt.lib(egl_context.obj) : warning LNK4006: glfwGetEGLContext already defined in glfw3.lib(egl_context.obj); second definition ignored
glfw3_mt.lib(egl_context.obj) : warning LNK4006: glfwGetEGLSurface already defined in glfw3.lib(egl_context.obj); second definition ignored
glfw3_mt.lib(egl_context.obj) : warning LNK4006: _glfwInitEGL already defined in glfw3.lib(egl_context.obj); second definition ignored
glfw3_mt.lib(egl_context.obj) : warning LNK4006: _glfwTerminateEGL already defined in glfw3.lib(egl_context.obj); second definition ignored
glfw3_mt.lib(egl_context.obj) : warning LNK4006: _glfwCreateContextEGL already defined in glfw3.lib(egl_context.obj); second definition ignored
glfw3_mt.lib(osmesa_context.obj) : warning LNK4006: glfwGetOSMesaColorBuffer already defined in glfw3.lib(osmesa_context.obj); second definition ignored
glfw3_mt.lib(osmesa_context.obj) : warning LNK4006: glfwGetOSMesaDepthBuffer already defined in glfw3.lib(osmesa_context.obj); second definition ignored
glfw3_mt.lib(osmesa_context.obj) : warning LNK4006: glfwGetOSMesaContext already defined in glfw3.lib(osmesa_context.obj); second definition ignored
glfw3_mt.lib(osmesa_context.obj) : warning LNK4006: _glfwInitOSMesa already defined in glfw3.lib(osmesa_context.obj); second definition ignored
glfw3_mt.lib(osmesa_context.obj) : warning LNK4006: _glfwTerminateOSMesa already defined in glfw3.lib(osmesa_context.obj); second definition ignored
glfw3_mt.lib(osmesa_context.obj) : warning LNK4006: _glfwCreateContextOSMesa already defined in glfw3.lib(osmesa_context.obj); second definition ignored
glfw3_mt.lib(null_init.obj) : warning LNK4006: _glfwConnectNull already defined in glfw3.lib(null_init.obj); second definition ignored
glfw3_mt.lib(null_init.obj) : warning LNK4006: _glfwInitNull already defined in glfw3.lib(null_init.obj); second definition ignored
glfw3_mt.lib(null_init.obj) : warning LNK4006: _glfwTerminateNull already defined in glfw3.lib(null_init.obj); second definition ignored
glfw3_mt.lib(null_monitor.obj) : warning LNK4006: _glfwPollMonitorsNull already defined in glfw3.lib(null_monitor.obj); second definition ignored
glfw3_mt.lib(null_monitor.obj) : warning LNK4006: _glfwFreeMonitorNull already defined in glfw3.lib(null_monitor.obj); second definition ignored
glfw3_mt.lib(null_monitor.obj) : warning LNK4006: _glfwGetMonitorPosNull already defined in glfw3.lib(null_monitor.obj); second definition ignored
glfw3_mt.lib(null_monitor.obj) : warning LNK4006: _glfwGetMonitorContentScaleNull already defined in glfw3.lib(null_monitor.obj); second definition ignored
glfw3_mt.lib(null_monitor.obj) : warning LNK4006: _glfwGetMonitorWorkareaNull already defined in glfw3.lib(null_monitor.obj); second definition ignored
glfw3_mt.lib(null_monitor.obj) : warning LNK4006: _glfwGetVideoModesNull already defined in glfw3.lib(null_monitor.obj); second definition ignored
glfw3_mt.lib(null_monitor.obj) : warning LNK4006: _glfwGetVideoModeNull already defined in glfw3.lib(null_monitor.obj); second definition ignored
glfw3_mt.lib(null_monitor.obj) : warning LNK4006: _glfwGetGammaRampNull already defined in glfw3.lib(null_monitor.obj); second definition ignored
glfw3_mt.lib(null_monitor.obj) : warning LNK4006: _glfwSetGammaRampNull already defined in glfw3.lib(null_monitor.obj); second definition ignored
glfw3_mt.lib(null_window.obj) : warning LNK4006: _glfwCreateWindowNull already defined in glfw3.lib(null_window.obj); second definition ignored
glfw3_mt.lib(null_window.obj) : warning LNK4006: _glfwDestroyWindowNull already defined in glfw3.lib(null_window.obj); second definition ignored
glfw3_mt.lib(null_window.obj) : warning LNK4006: _glfwSetWindowTitleNull already defined in glfw3.lib(null_window.obj); second definition ignored
glfw3_mt.lib(null_window.obj) : warning LNK4006: _glfwSetWindowIconNull already defined in glfw3.lib(null_window.obj); second definition ignored
glfw3_mt.lib(null_window.obj) : warning LNK4006: _glfwSetWindowMonitorNull already defined in glfw3.lib(null_window.obj); second definition ignored
glfw3_mt.lib(null_window.obj) : warning LNK4006: _glfwGetWindowPosNull already defined in glfw3.lib(null_window.obj); second definition ignored
glfw3_mt.lib(null_window.obj) : warning LNK4006: _glfwSetWindowPosNull already defined in glfw3.lib(null_window.obj); second definition ignored
glfw3_mt.lib(null_window.obj) : warning LNK4006: _glfwGetWindowSizeNull already defined in glfw3.lib(null_window.obj); second definition ignored
glfw3_mt.lib(null_window.obj) : warning LNK4006: _glfwSetWindowSizeNull already defined in glfw3.lib(null_window.obj); second definition ignored
glfw3_mt.lib(null_window.obj) : warning LNK4006: _glfwSetWindowSizeLimitsNull already defined in glfw3.lib(null_window.obj); second definition ignored
glfw3_mt.lib(null_window.obj) : warning LNK4006: _glfwSetWindowAspectRatioNull already defined in glfw3.lib(null_window.obj); second definition ignored
glfw3_mt.lib(null_window.obj) : warning LNK4006: _glfwGetFramebufferSizeNull already defined in glfw3.lib(null_window.obj); second definition ignored
glfw3_mt.lib(null_window.obj) : warning LNK4006: _glfwGetWindowFrameSizeNull already defined in glfw3.lib(null_window.obj); second definition ignored
glfw3_mt.lib(null_window.obj) : warning LNK4006: _glfwGetWindowContentScaleNull already defined in glfw3.lib(null_window.obj); second definition ignored
glfw3_mt.lib(null_window.obj) : warning LNK4006: _glfwIconifyWindowNull already defined in glfw3.lib(null_window.obj); second definition ignored
glfw3_mt.lib(null_window.obj) : warning LNK4006: _glfwRestoreWindowNull already defined in glfw3.lib(null_window.obj); second definition ignored
glfw3_mt.lib(null_window.obj) : warning LNK4006: _glfwMaximizeWindowNull already defined in glfw3.lib(null_window.obj); second definition ignored
glfw3_mt.lib(null_window.obj) : warning LNK4006: _glfwWindowMaximizedNull already defined in glfw3.lib(null_window.obj); second definition ignored
glfw3_mt.lib(null_window.obj) : warning LNK4006: _glfwWindowHoveredNull already defined in glfw3.lib(null_window.obj); second definition ignored
glfw3_mt.lib(null_window.obj) : warning LNK4006: _glfwFramebufferTransparentNull already defined in glfw3.lib(null_window.obj); second definition ignored
glfw3_mt.lib(null_window.obj) : warning LNK4006: _glfwSetWindowResizableNull already defined in glfw3.lib(null_window.obj); second definition ignored
glfw3_mt.lib(null_window.obj) : warning LNK4006: _glfwSetWindowDecoratedNull already defined in glfw3.lib(null_window.obj); second definition ignored
glfw3_mt.lib(null_window.obj) : warning LNK4006: _glfwSetWindowFloatingNull already defined in glfw3.lib(null_window.obj); second definition ignored
glfw3_mt.lib(null_window.obj) : warning LNK4006: _glfwSetWindowMousePassthroughNull already defined in glfw3.lib(null_window.obj); second definition ignored
glfw3_mt.lib(null_window.obj) : warning LNK4006: _glfwGetWindowOpacityNull already defined in glfw3.lib(null_window.obj); second definition ignored
glfw3_mt.lib(null_window.obj) : warning LNK4006: _glfwSetWindowOpacityNull already defined in glfw3.lib(null_window.obj); second definition ignored
glfw3_mt.lib(null_window.obj) : warning LNK4006: _glfwSetRawMouseMotionNull already defined in glfw3.lib(null_window.obj); second definition ignored
glfw3_mt.lib(null_window.obj) : warning LNK4006: _glfwRawMouseMotionSupportedNull already defined in glfw3.lib(null_window.obj); second definition ignored
glfw3_mt.lib(null_window.obj) : warning LNK4006: _glfwShowWindowNull already defined in glfw3.lib(null_window.obj); second definition ignored
glfw3_mt.lib(null_window.obj) : warning LNK4006: _glfwRequestWindowAttentionNull already defined in glfw3.lib(null_window.obj); second definition ignored
glfw3_mt.lib(null_window.obj) : warning LNK4006: _glfwHideWindowNull already defined in glfw3.lib(null_window.obj); second definition ignored
glfw3_mt.lib(null_window.obj) : warning LNK4006: _glfwFocusWindowNull already defined in glfw3.lib(null_window.obj); second definition ignored
glfw3_mt.lib(null_window.obj) : warning LNK4006: _glfwWindowFocusedNull already defined in glfw3.lib(null_window.obj); second definition ignored
glfw3_mt.lib(null_window.obj) : warning LNK4006: _glfwWindowIconifiedNull already defined in glfw3.lib(null_window.obj); second definition ignored
glfw3_mt.lib(null_window.obj) : warning LNK4006: _glfwWindowVisibleNull already defined in glfw3.lib(null_window.obj); second definition ignored
glfw3_mt.lib(null_window.obj) : warning LNK4006: _glfwPollEventsNull already defined in glfw3.lib(null_window.obj); second definition ignored
glfw3_mt.lib(null_window.obj) : warning LNK4006: _glfwWaitEventsNull already defined in glfw3.lib(null_window.obj); second definition ignored
glfw3_mt.lib(null_window.obj) : warning LNK4006: _glfwWaitEventsTimeoutNull already defined in glfw3.lib(null_window.obj); second definition ignored
glfw3_mt.lib(null_window.obj) : warning LNK4006: _glfwPostEmptyEventNull already defined in glfw3.lib(null_window.obj); second definition ignored
glfw3_mt.lib(null_window.obj) : warning LNK4006: _glfwGetCursorPosNull already defined in glfw3.lib(null_window.obj); second definition ignored
glfw3_mt.lib(null_window.obj) : warning LNK4006: _glfwSetCursorPosNull already defined in glfw3.lib(null_window.obj); second definition ignored
glfw3_mt.lib(null_window.obj) : warning LNK4006: _glfwSetCursorModeNull already defined in glfw3.lib(null_window.obj); second definition ignored
glfw3_mt.lib(null_window.obj) : warning LNK4006: _glfwCreateCursorNull already defined in glfw3.lib(null_window.obj); second definition ignored
glfw3_mt.lib(null_window.obj) : warning LNK4006: _glfwCreateStandardCursorNull already defined in glfw3.lib(null_window.obj); second definition ignored
glfw3_mt.lib(null_window.obj) : warning LNK4006: _glfwDestroyCursorNull already defined in glfw3.lib(null_window.obj); second definition ignored
glfw3_mt.lib(null_window.obj) : warning LNK4006: _glfwSetCursorNull already defined in glfw3.lib(null_window.obj); second definition ignored
glfw3_mt.lib(null_window.obj) : warning LNK4006: _glfwSetClipboardStringNull already defined in glfw3.lib(null_window.obj); second definition ignored
glfw3_mt.lib(null_window.obj) : warning LNK4006: _glfwGetClipboardStringNull already defined in glfw3.lib(null_window.obj); second definition ignored
glfw3_mt.lib(null_window.obj) : warning LNK4006: _glfwGetScancodeNameNull already defined in glfw3.lib(null_window.obj); second definition ignored
glfw3_mt.lib(null_window.obj) : warning LNK4006: _glfwGetKeyScancodeNull already defined in glfw3.lib(null_window.obj); second definition ignored
glfw3_mt.lib(null_window.obj) : warning LNK4006: _glfwGetEGLPlatformNull already defined in glfw3.lib(null_window.obj); second definition ignored
glfw3_mt.lib(null_window.obj) : warning LNK4006: _glfwGetEGLNativeDisplayNull already defined in glfw3.lib(null_window.obj); second definition ignored
glfw3_mt.lib(null_window.obj) : warning LNK4006: _glfwGetEGLNativeWindowNull already defined in glfw3.lib(null_window.obj); second definition ignored
glfw3_mt.lib(null_window.obj) : warning LNK4006: _glfwGetRequiredInstanceExtensionsNull already defined in glfw3.lib(null_window.obj); second definition ignored
glfw3_mt.lib(null_window.obj) : warning LNK4006: _glfwGetPhysicalDevicePresentationSupportNull already defined in glfw3.lib(null_window.obj); second definition ignored
glfw3_mt.lib(null_window.obj) : warning LNK4006: _glfwCreateWindowSurfaceNull already defined in glfw3.lib(null_window.obj); second definition ignored
glfw3_mt.lib(null_joystick.obj) : warning LNK4006: _glfwInitJoysticksNull already defined in glfw3.lib(null_joystick.obj); second definition ignored
glfw3_mt.lib(null_joystick.obj) : warning LNK4006: _glfwTerminateJoysticksNull already defined in glfw3.lib(null_joystick.obj); second definition ignored
glfw3_mt.lib(null_joystick.obj) : warning LNK4006: _glfwPollJoystickNull already defined in glfw3.lib(null_joystick.obj); second definition ignored
glfw3_mt.lib(null_joystick.obj) : warning LNK4006: _glfwGetMappingNameNull already defined in glfw3.lib(null_joystick.obj); second definition ignored
glfw3_mt.lib(null_joystick.obj) : warning LNK4006: _glfwUpdateGamepadGUIDNull already defined in glfw3.lib(null_joystick.obj); second definition ignored
glfw3_mt.lib(win32_module.obj) : warning LNK4006: _glfwPlatformLoadModule already defined in glfw3.lib(win32_module.obj); second definition ignored
glfw3_mt.lib(win32_module.obj) : warning LNK4006: _glfwPlatformFreeModule already defined in glfw3.lib(win32_module.obj); second definition ignored
glfw3_mt.lib(win32_module.obj) : warning LNK4006: _glfwPlatformGetModuleSymbol already defined in glfw3.lib(win32_module.obj); second definition ignored
glfw3_mt.lib(win32_time.obj) : warning LNK4006: _glfwPlatformInitTimer already defined in glfw3.lib(win32_time.obj); second definition ignored
glfw3_mt.lib(win32_time.obj) : warning LNK4006: _glfwPlatformGetTimerValue already defined in glfw3.lib(win32_time.obj); second definition ignored
glfw3_mt.lib(win32_time.obj) : warning LNK4006: _glfwPlatformGetTimerFrequency already defined in glfw3.lib(win32_time.obj); second definition ignored
glfw3_mt.lib(win32_thread.obj) : warning LNK4006: _glfwPlatformCreateTls already defined in glfw3.lib(win32_thread.obj); second definition ignored
glfw3_mt.lib(win32_thread.obj) : warning LNK4006: _glfwPlatformDestroyTls already defined in glfw3.lib(win32_thread.obj); second definition ignored
glfw3_mt.lib(win32_thread.obj) : warning LNK4006: _glfwPlatformGetTls already defined in glfw3.lib(win32_thread.obj); second definition ignored
glfw3_mt.lib(win32_thread.obj) : warning LNK4006: _glfwPlatformSetTls already defined in glfw3.lib(win32_thread.obj); second definition ignored
glfw3_mt.lib(win32_thread.obj) : warning LNK4006: _glfwPlatformCreateMutex already defined in glfw3.lib(win32_thread.obj); second definition ignored
glfw3_mt.lib(win32_thread.obj) : warning LNK4006: _glfwPlatformDestroyMutex already defined in glfw3.lib(win32_thread.obj); second definition ignored
glfw3_mt.lib(win32_thread.obj) : warning LNK4006: _glfwPlatformLockMutex already defined in glfw3.lib(win32_thread.obj); second definition ignored
glfw3_mt.lib(win32_thread.obj) : warning LNK4006: _glfwPlatformUnlockMutex already defined in glfw3.lib(win32_thread.obj); second definition ignored
glfw3_mt.lib(win32_init.obj) : warning LNK4006: _glfwConnectWin32 already defined in glfw3.lib(win32_init.obj); second definition ignored
glfw3_mt.lib(win32_init.obj) : warning LNK4006: _glfwInitWin32 already defined in glfw3.lib(win32_init.obj); second definition ignored
glfw3_mt.lib(win32_init.obj) : warning LNK4006: _glfwTerminateWin32 already defined in glfw3.lib(win32_init.obj); second definition ignored
glfw3_mt.lib(win32_init.obj) : warning LNK4006: _glfwCreateWideStringFromUTF8Win32 already defined in glfw3.lib(win32_init.obj); second definition ignored
glfw3_mt.lib(win32_init.obj) : warning LNK4006: _glfwCreateUTF8FromWideStringWin32 already defined in glfw3.lib(win32_init.obj); second definition ignored
glfw3_mt.lib(win32_init.obj) : warning LNK4006: _glfwIsWindowsVersionOrGreaterWin32 already defined in glfw3.lib(win32_init.obj); second definition ignored
glfw3_mt.lib(win32_init.obj) : warning LNK4006: _glfwIsWindows10BuildOrGreaterWin32 already defined in glfw3.lib(win32_init.obj); second definition ignored
glfw3_mt.lib(win32_init.obj) : warning LNK4006: _glfwInputErrorWin32 already defined in glfw3.lib(win32_init.obj); second definition ignored
glfw3_mt.lib(win32_init.obj) : warning LNK4006: _glfwUpdateKeyNamesWin32 already defined in glfw3.lib(win32_init.obj); second definition ignored
glfw3_mt.lib(win32_joystick.obj) : warning LNK4006: _glfwInitJoysticksWin32 already defined in glfw3.lib(win32_joystick.obj); second definition ignored
glfw3_mt.lib(win32_joystick.obj) : warning LNK4006: _glfwTerminateJoysticksWin32 already defined in glfw3.lib(win32_joystick.obj); second definition ignored
glfw3_mt.lib(win32_joystick.obj) : warning LNK4006: _glfwPollJoystickWin32 already defined in glfw3.lib(win32_joystick.obj); second definition ignored
glfw3_mt.lib(win32_joystick.obj) : warning LNK4006: _glfwGetMappingNameWin32 already defined in glfw3.lib(win32_joystick.obj); second definition ignored
glfw3_mt.lib(win32_joystick.obj) : warning LNK4006: _glfwUpdateGamepadGUIDWin32 already defined in glfw3.lib(win32_joystick.obj); second definition ignored
glfw3_mt.lib(win32_joystick.obj) : warning LNK4006: _glfwDetectJoystickConnectionWin32 already defined in glfw3.lib(win32_joystick.obj); second definition ignored
glfw3_mt.lib(win32_joystick.obj) : warning LNK4006: _glfwDetectJoystickDisconnectionWin32 already defined in glfw3.lib(win32_joystick.obj); second definition ignored
glfw3_mt.lib(win32_monitor.obj) : warning LNK4006: _glfwPollMonitorsWin32 already defined in glfw3.lib(win32_monitor.obj); second definition ignored
glfw3_mt.lib(win32_monitor.obj) : warning LNK4006: _glfwSetVideoModeWin32 already defined in glfw3.lib(win32_monitor.obj); second definition ignored
glfw3_mt.lib(win32_monitor.obj) : warning LNK4006: _glfwRestoreVideoModeWin32 already defined in glfw3.lib(win32_monitor.obj); second definition ignored
glfw3_mt.lib(win32_monitor.obj) : warning LNK4006: _glfwGetHMONITORContentScaleWin32 already defined in glfw3.lib(win32_monitor.obj); second definition ignored
glfw3_mt.lib(win32_monitor.obj) : warning LNK4006: _glfwFreeMonitorWin32 already defined in glfw3.lib(win32_monitor.obj); second definition ignored
glfw3_mt.lib(win32_monitor.obj) : warning LNK4006: _glfwGetMonitorPosWin32 already defined in glfw3.lib(win32_monitor.obj); second definition ignored
glfw3_mt.lib(win32_monitor.obj) : warning LNK4006: _glfwGetMonitorContentScaleWin32 already defined in glfw3.lib(win32_monitor.obj); second definition ignored
glfw3_mt.lib(win32_monitor.obj) : warning LNK4006: _glfwGetMonitorWorkareaWin32 already defined in glfw3.lib(win32_monitor.obj); second definition ignored
glfw3_mt.lib(win32_monitor.obj) : warning LNK4006: _glfwGetVideoModesWin32 already defined in glfw3.lib(win32_monitor.obj); second definition ignored
glfw3_mt.lib(win32_monitor.obj) : warning LNK4006: _glfwGetVideoModeWin32 already defined in glfw3.lib(win32_monitor.obj); second definition ignored
glfw3_mt.lib(win32_monitor.obj) : warning LNK4006: _glfwGetGammaRampWin32 already defined in glfw3.lib(win32_monitor.obj); second definition ignored
glfw3_mt.lib(win32_monitor.obj) : warning LNK4006: _glfwSetGammaRampWin32 already defined in glfw3.lib(win32_monitor.obj); second definition ignored
glfw3_mt.lib(win32_monitor.obj) : warning LNK4006: glfwGetWin32Adapter already defined in glfw3.lib(win32_monitor.obj); second definition ignored
glfw3_mt.lib(win32_monitor.obj) : warning LNK4006: glfwGetWin32Monitor already defined in glfw3.lib(win32_monitor.obj); second definition ignored
glfw3_mt.lib(win32_window.obj) : warning LNK4006: _glfwCreateWindowWin32 already defined in glfw3.lib(win32_window.obj); second definition ignored
glfw3_mt.lib(win32_window.obj) : warning LNK4006: _glfwDestroyWindowWin32 already defined in glfw3.lib(win32_window.obj); second definition ignored
glfw3_mt.lib(win32_window.obj) : warning LNK4006: _glfwSetWindowTitleWin32 already defined in glfw3.lib(win32_window.obj); second definition ignored
glfw3_mt.lib(win32_window.obj) : warning LNK4006: _glfwSetWindowIconWin32 already defined in glfw3.lib(win32_window.obj); second definition ignored
glfw3_mt.lib(win32_window.obj) : warning LNK4006: _glfwGetWindowPosWin32 already defined in glfw3.lib(win32_window.obj); second definition ignored
glfw3_mt.lib(win32_window.obj) : warning LNK4006: _glfwSetWindowPosWin32 already defined in glfw3.lib(win32_window.obj); second definition ignored
glfw3_mt.lib(win32_window.obj) : warning LNK4006: _glfwGetWindowSizeWin32 already defined in glfw3.lib(win32_window.obj); second definition ignored
glfw3_mt.lib(win32_window.obj) : warning LNK4006: _glfwSetWindowSizeWin32 already defined in glfw3.lib(win32_window.obj); second definition ignored
glfw3_mt.lib(win32_window.obj) : warning LNK4006: _glfwSetWindowSizeLimitsWin32 already defined in glfw3.lib(win32_window.obj); second definition ignored
glfw3_mt.lib(win32_window.obj) : warning LNK4006: _glfwSetWindowAspectRatioWin32 already defined in glfw3.lib(win32_window.obj); second definition ignored
glfw3_mt.lib(win32_window.obj) : warning LNK4006: _glfwGetFramebufferSizeWin32 already defined in glfw3.lib(win32_window.obj); second definition ignored
glfw3_mt.lib(win32_window.obj) : warning LNK4006: _glfwGetWindowFrameSizeWin32 already defined in glfw3.lib(win32_window.obj); second definition ignored
glfw3_mt.lib(win32_window.obj) : warning LNK4006: _glfwGetWindowContentScaleWin32 already defined in glfw3.lib(win32_window.obj); second definition ignored
glfw3_mt.lib(win32_window.obj) : warning LNK4006: _glfwIconifyWindowWin32 already defined in glfw3.lib(win32_window.obj); second definition ignored
glfw3_mt.lib(win32_window.obj) : warning LNK4006: _glfwRestoreWindowWin32 already defined in glfw3.lib(win32_window.obj); second definition ignored
glfw3_mt.lib(win32_window.obj) : warning LNK4006: _glfwMaximizeWindowWin32 already defined in glfw3.lib(win32_window.obj); second definition ignored
glfw3_mt.lib(win32_window.obj) : warning LNK4006: _glfwShowWindowWin32 already defined in glfw3.lib(win32_window.obj); second definition ignored
glfw3_mt.lib(win32_window.obj) : warning LNK4006: _glfwHideWindowWin32 already defined in glfw3.lib(win32_window.obj); second definition ignored
glfw3_mt.lib(win32_window.obj) : warning LNK4006: _glfwRequestWindowAttentionWin32 already defined in glfw3.lib(win32_window.obj); second definition ignored
glfw3_mt.lib(win32_window.obj) : warning LNK4006: _glfwFocusWindowWin32 already defined in glfw3.lib(win32_window.obj); second definition ignored
glfw3_mt.lib(win32_window.obj) : warning LNK4006: _glfwSetWindowMonitorWin32 already defined in glfw3.lib(win32_window.obj); second definition ignored
glfw3_mt.lib(win32_window.obj) : warning LNK4006: _glfwWindowFocusedWin32 already defined in glfw3.lib(win32_window.obj); second definition ignored
glfw3_mt.lib(win32_window.obj) : warning LNK4006: _glfwWindowIconifiedWin32 already defined in glfw3.lib(win32_window.obj); second definition ignored
glfw3_mt.lib(win32_window.obj) : warning LNK4006: _glfwWindowVisibleWin32 already defined in glfw3.lib(win32_window.obj); second definition ignored
glfw3_mt.lib(win32_window.obj) : warning LNK4006: _glfwWindowMaximizedWin32 already defined in glfw3.lib(win32_window.obj); second definition ignored
glfw3_mt.lib(win32_window.obj) : warning LNK4006: _glfwWindowHoveredWin32 already defined in glfw3.lib(win32_window.obj); second definition ignored
glfw3_mt.lib(win32_window.obj) : warning LNK4006: _glfwFramebufferTransparentWin32 already defined in glfw3.lib(win32_window.obj); second definition ignored
glfw3_mt.lib(win32_window.obj) : warning LNK4006: _glfwSetWindowResizableWin32 already defined in glfw3.lib(win32_window.obj); second definition ignored
glfw3_mt.lib(win32_window.obj) : warning LNK4006: _glfwSetWindowDecoratedWin32 already defined in glfw3.lib(win32_window.obj); second definition ignored
glfw3_mt.lib(win32_window.obj) : warning LNK4006: _glfwSetWindowFloatingWin32 already defined in glfw3.lib(win32_window.obj); second definition ignored
glfw3_mt.lib(win32_window.obj) : warning LNK4006: _glfwSetWindowMousePassthroughWin32 already defined in glfw3.lib(win32_window.obj); second definition ignored
glfw3_mt.lib(win32_window.obj) : warning LNK4006: _glfwGetWindowOpacityWin32 already defined in glfw3.lib(win32_window.obj); second definition ignored
glfw3_mt.lib(win32_window.obj) : warning LNK4006: _glfwSetWindowOpacityWin32 already defined in glfw3.lib(win32_window.obj); second definition ignored
glfw3_mt.lib(win32_window.obj) : warning LNK4006: _glfwSetRawMouseMotionWin32 already defined in glfw3.lib(win32_window.obj); second definition ignored
glfw3_mt.lib(win32_window.obj) : warning LNK4006: _glfwRawMouseMotionSupportedWin32 already defined in glfw3.lib(win32_window.obj); second definition ignored
glfw3_mt.lib(win32_window.obj) : warning LNK4006: _glfwPollEventsWin32 already defined in glfw3.lib(win32_window.obj); second definition ignored
glfw3_mt.lib(win32_window.obj) : warning LNK4006: _glfwWaitEventsWin32 already defined in glfw3.lib(win32_window.obj); second definition ignored
glfw3_mt.lib(win32_window.obj) : warning LNK4006: _glfwWaitEventsTimeoutWin32 already defined in glfw3.lib(win32_window.obj); second definition ignored
glfw3_mt.lib(win32_window.obj) : warning LNK4006: _glfwPostEmptyEventWin32 already defined in glfw3.lib(win32_window.obj); second definition ignored
glfw3_mt.lib(win32_window.obj) : warning LNK4006: _glfwGetCursorPosWin32 already defined in glfw3.lib(win32_window.obj); second definition ignored
glfw3_mt.lib(win32_window.obj) : warning LNK4006: _glfwSetCursorPosWin32 already defined in glfw3.lib(win32_window.obj); second definition ignored
glfw3_mt.lib(win32_window.obj) : warning LNK4006: _glfwSetCursorModeWin32 already defined in glfw3.lib(win32_window.obj); second definition ignored
glfw3_mt.lib(win32_window.obj) : warning LNK4006: _glfwGetScancodeNameWin32 already defined in glfw3.lib(win32_window.obj); second definition ignored
glfw3_mt.lib(win32_window.obj) : warning LNK4006: _glfwGetKeyScancodeWin32 already defined in glfw3.lib(win32_window.obj); second definition ignored
glfw3_mt.lib(win32_window.obj) : warning LNK4006: _glfwCreateCursorWin32 already defined in glfw3.lib(win32_window.obj); second definition ignored
glfw3_mt.lib(win32_window.obj) : warning LNK4006: _glfwCreateStandardCursorWin32 already defined in glfw3.lib(win32_window.obj); second definition ignored
glfw3_mt.lib(win32_window.obj) : warning LNK4006: _glfwDestroyCursorWin32 already defined in glfw3.lib(win32_window.obj); second definition ignored
glfw3_mt.lib(win32_window.obj) : warning LNK4006: _glfwSetCursorWin32 already defined in glfw3.lib(win32_window.obj); second definition ignored
glfw3_mt.lib(win32_window.obj) : warning LNK4006: _glfwSetClipboardStringWin32 already defined in glfw3.lib(win32_window.obj); second definition ignored
glfw3_mt.lib(win32_window.obj) : warning LNK4006: _glfwGetClipboardStringWin32 already defined in glfw3.lib(win32_window.obj); second definition ignored
glfw3_mt.lib(win32_window.obj) : warning LNK4006: _glfwGetEGLPlatformWin32 already defined in glfw3.lib(win32_window.obj); second definition ignored
glfw3_mt.lib(win32_window.obj) : warning LNK4006: _glfwGetEGLNativeDisplayWin32 already defined in glfw3.lib(win32_window.obj); second definition ignored
glfw3_mt.lib(win32_window.obj) : warning LNK4006: _glfwGetEGLNativeWindowWin32 already defined in glfw3.lib(win32_window.obj); second definition ignored
glfw3_mt.lib(win32_window.obj) : warning LNK4006: _glfwGetRequiredInstanceExtensionsWin32 already defined in glfw3.lib(win32_window.obj); second definition ignored
glfw3_mt.lib(win32_window.obj) : warning LNK4006: _glfwGetPhysicalDevicePresentationSupportWin32 already defined in glfw3.lib(win32_window.obj); second definition ignored
glfw3_mt.lib(win32_window.obj) : warning LNK4006: _glfwCreateWindowSurfaceWin32 already defined in glfw3.lib(win32_window.obj); second definition ignored
glfw3_mt.lib(win32_window.obj) : warning LNK4006: glfwGetWin32Window already defined in glfw3.lib(win32_window.obj); second definition ignored
glfw3_mt.lib(wgl_context.obj) : warning LNK4006: _glfwInitWGL already defined in glfw3.lib(wgl_context.obj); second definition ignored
glfw3_mt.lib(wgl_context.obj) : warning LNK4006: _glfwTerminateWGL already defined in glfw3.lib(wgl_context.obj); second definition ignored
glfw3_mt.lib(wgl_context.obj) : warning LNK4006: _glfwCreateContextWGL already defined in glfw3.lib(wgl_context.obj); second definition ignored
glfw3_mt.lib(wgl_context.obj) : warning LNK4006: glfwGetWGLContext already defined in glfw3.lib(wgl_context.obj); second definition ignored
glfw3dll.lib(glfw3.dll) : warning LNK4006: glfwWindowShouldClose already defined in glfw3.lib(window.obj); second definition ignored
glfw3dll.lib(glfw3.dll) : warning LNK4006: glfwWindowHintString already defined in glfw3.lib(window.obj); second definition ignored
glfw3dll.lib(glfw3.dll) : warning LNK4006: glfwWindowHint already defined in glfw3.lib(window.obj); second definition ignored
glfw3dll.lib(glfw3.dll) : warning LNK4006: glfwWaitEventsTimeout already defined in glfw3.lib(window.obj); second definition ignored
glfw3dll.lib(glfw3.dll) : warning LNK4006: glfwWaitEvents already defined in glfw3.lib(window.obj); second definition ignored
glfw3dll.lib(glfw3.dll) : warning LNK4006: glfwVulkanSupported already defined in glfw3.lib(vulkan.obj); second definition ignored
glfw3dll.lib(glfw3.dll) : warning LNK4006: glfwUpdateGamepadMappings already defined in glfw3.lib(input.obj); second definition ignored
glfw3dll.lib(glfw3.dll) : warning LNK4006: glfwTerminate already defined in glfw3.lib(init.obj); second definition ignored
glfw3dll.lib(glfw3.dll) : warning LNK4006: glfwSwapInterval already defined in glfw3.lib(context.obj); second definition ignored
glfw3dll.lib(glfw3.dll) : warning LNK4006: glfwSwapBuffers already defined in glfw3.lib(context.obj); second definition ignored
glfw3dll.lib(glfw3.dll) : warning LNK4006: glfwShowWindow already defined in glfw3.lib(window.obj); second definition ignored
glfw3dll.lib(glfw3.dll) : warning LNK4006: glfwSetWindowUserPointer already defined in glfw3.lib(window.obj); second definition ignored
glfw3dll.lib(glfw3.dll) : warning LNK4006: glfwSetWindowTitle already defined in glfw3.lib(window.obj); second definition ignored
glfw3dll.lib(glfw3.dll) : warning LNK4006: glfwSetWindowSizeLimits already defined in glfw3.lib(window.obj); second definition ignored
glfw3dll.lib(glfw3.dll) : warning LNK4006: glfwSetWindowSizeCallback already defined in glfw3.lib(window.obj); second definition ignored
glfw3dll.lib(glfw3.dll) : warning LNK4006: glfwSetWindowSize already defined in glfw3.lib(window.obj); second definition ignored
glfw3dll.lib(glfw3.dll) : warning LNK4006: glfwSetWindowShouldClose already defined in glfw3.lib(window.obj); second definition ignored
glfw3dll.lib(glfw3.dll) : warning LNK4006: glfwSetWindowRefreshCallback already defined in glfw3.lib(window.obj); second definition ignored
glfw3dll.lib(glfw3.dll) : warning LNK4006: glfwSetWindowPosCallback already defined in glfw3.lib(window.obj); second definition ignored
glfw3dll.lib(glfw3.dll) : warning LNK4006: glfwSetWindowPos already defined in glfw3.lib(window.obj); second definition ignored
glfw3dll.lib(glfw3.dll) : warning LNK4006: glfwSetWindowOpacity already defined in glfw3.lib(window.obj); second definition ignored
glfw3dll.lib(glfw3.dll) : warning LNK4006: glfwSetWindowMonitor already defined in glfw3.lib(window.obj); second definition ignored
glfw3dll.lib(glfw3.dll) : warning LNK4006: glfwSetWindowMaximizeCallback already defined in glfw3.lib(window.obj); second definition ignored
glfw3dll.lib(glfw3.dll) : warning LNK4006: glfwSetWindowIconifyCallback already defined in glfw3.lib(window.obj); second definition ignored
glfw3dll.lib(glfw3.dll) : warning LNK4006: glfwSetWindowIcon already defined in glfw3.lib(window.obj); second definition ignored
glfw3dll.lib(glfw3.dll) : warning LNK4006: glfwSetWindowFocusCallback already defined in glfw3.lib(window.obj); second definition ignored
glfw3dll.lib(glfw3.dll) : warning LNK4006: glfwSetWindowContentScaleCallback already defined in glfw3.lib(window.obj); second definition ignored
glfw3dll.lib(glfw3.dll) : warning LNK4006: glfwSetWindowCloseCallback already defined in glfw3.lib(window.obj); second definition ignored
glfw3dll.lib(glfw3.dll) : warning LNK4006: glfwSetWindowAttrib already defined in glfw3.lib(window.obj); second definition ignored
glfw3dll.lib(glfw3.dll) : warning LNK4006: glfwSetWindowAspectRatio already defined in glfw3.lib(window.obj); second definition ignored
glfw3dll.lib(glfw3.dll) : warning LNK4006: glfwSetTime already defined in glfw3.lib(input.obj); second definition ignored
glfw3dll.lib(glfw3.dll) : warning LNK4006: glfwSetScrollCallback already defined in glfw3.lib(input.obj); second definition ignored
glfw3dll.lib(glfw3.dll) : warning LNK4006: glfwSetMouseButtonCallback already defined in glfw3.lib(input.obj); second definition ignored
glfw3dll.lib(glfw3.dll) : warning LNK4006: glfwSetMonitorUserPointer already defined in glfw3.lib(monitor.obj); second definition ignored
glfw3dll.lib(glfw3.dll) : warning LNK4006: glfwSetMonitorCallback already defined in glfw3.lib(monitor.obj); second definition ignored
glfw3dll.lib(glfw3.dll) : warning LNK4006: glfwSetKeyCallback already defined in glfw3.lib(input.obj); second definition ignored
glfw3dll.lib(glfw3.dll) : warning LNK4006: glfwSetJoystickUserPointer already defined in glfw3.lib(input.obj); second definition ignored
glfw3dll.lib(glfw3.dll) : warning LNK4006: glfwSetJoystickCallback already defined in glfw3.lib(input.obj); second definition ignored
glfw3dll.lib(glfw3.dll) : warning LNK4006: glfwSetInputMode already defined in glfw3.lib(input.obj); second definition ignored
glfw3dll.lib(glfw3.dll) : warning LNK4006: glfwSetGammaRamp already defined in glfw3.lib(monitor.obj); second definition ignored
glfw3dll.lib(glfw3.dll) : warning LNK4006: glfwSetGamma already defined in glfw3.lib(monitor.obj); second definition ignored
glfw3dll.lib(glfw3.dll) : warning LNK4006: glfwSetFramebufferSizeCallback already defined in glfw3.lib(window.obj); second definition ignored
glfw3dll.lib(glfw3.dll) : warning LNK4006: glfwSetErrorCallback already defined in glfw3.lib(init.obj); second definition ignored
glfw3dll.lib(glfw3.dll) : warning LNK4006: glfwSetDropCallback already defined in glfw3.lib(input.obj); second definition ignored
glfw3dll.lib(glfw3.dll) : warning LNK4006: glfwSetCursorPosCallback already defined in glfw3.lib(input.obj); second definition ignored
glfw3dll.lib(glfw3.dll) : warning LNK4006: glfwSetCursorPos already defined in glfw3.lib(input.obj); second definition ignored
glfw3dll.lib(glfw3.dll) : warning LNK4006: glfwSetCursorEnterCallback already defined in glfw3.lib(input.obj); second definition ignored
glfw3dll.lib(glfw3.dll) : warning LNK4006: glfwSetCursor already defined in glfw3.lib(input.obj); second definition ignored
glfw3dll.lib(glfw3.dll) : warning LNK4006: glfwSetClipboardString already defined in glfw3.lib(input.obj); second definition ignored
glfw3dll.lib(glfw3.dll) : warning LNK4006: glfwSetCharModsCallback already defined in glfw3.lib(input.obj); second definition ignored
glfw3dll.lib(glfw3.dll) : warning LNK4006: glfwSetCharCallback already defined in glfw3.lib(input.obj); second definition ignored
glfw3dll.lib(glfw3.dll) : warning LNK4006: glfwRestoreWindow already defined in glfw3.lib(window.obj); second definition ignored
glfw3dll.lib(glfw3.dll) : warning LNK4006: glfwRequestWindowAttention already defined in glfw3.lib(window.obj); second definition ignored
glfw3dll.lib(glfw3.dll) : warning LNK4006: glfwRawMouseMotionSupported already defined in glfw3.lib(input.obj); second definition ignored
glfw3dll.lib(glfw3.dll) : warning LNK4006: glfwPostEmptyEvent already defined in glfw3.lib(window.obj); second definition ignored
glfw3dll.lib(glfw3.dll) : warning LNK4006: glfwPollEvents already defined in glfw3.lib(window.obj); second definition ignored
glfw3dll.lib(glfw3.dll) : warning LNK4006: glfwPlatformSupported already defined in glfw3.lib(platform.obj); second definition ignored
glfw3dll.lib(glfw3.dll) : warning LNK4006: glfwMaximizeWindow already defined in glfw3.lib(window.obj); second definition ignored
glfw3dll.lib(glfw3.dll) : warning LNK4006: glfwMakeContextCurrent already defined in glfw3.lib(context.obj); second definition ignored
glfw3dll.lib(glfw3.dll) : warning LNK4006: glfwJoystickPresent already defined in glfw3.lib(input.obj); second definition ignored
glfw3dll.lib(glfw3.dll) : warning LNK4006: glfwJoystickIsGamepad already defined in glfw3.lib(input.obj); second definition ignored
glfw3dll.lib(glfw3.dll) : warning LNK4006: glfwInitVulkanLoader already defined in glfw3.lib(init.obj); second definition ignored
glfw3dll.lib(glfw3.dll) : warning LNK4006: glfwInitHint already defined in glfw3.lib(init.obj); second definition ignored
glfw3dll.lib(glfw3.dll) : warning LNK4006: glfwInitAllocator already defined in glfw3.lib(init.obj); second definition ignored
glfw3dll.lib(glfw3.dll) : warning LNK4006: glfwInit already defined in glfw3.lib(init.obj); second definition ignored
glfw3dll.lib(glfw3.dll) : warning LNK4006: glfwIconifyWindow already defined in glfw3.lib(window.obj); second definition ignored
glfw3dll.lib(glfw3.dll) : warning LNK4006: glfwHideWindow already defined in glfw3.lib(window.obj); second definition ignored
glfw3dll.lib(glfw3.dll) : warning LNK4006: glfwGetWindowUserPointer already defined in glfw3.lib(window.obj); second definition ignored
glfw3dll.lib(glfw3.dll) : warning LNK4006: glfwGetWindowTitle already defined in glfw3.lib(window.obj); second definition ignored
glfw3dll.lib(glfw3.dll) : warning LNK4006: glfwGetWindowSize already defined in glfw3.lib(window.obj); second definition ignored
glfw3dll.lib(glfw3.dll) : warning LNK4006: glfwGetWindowPos already defined in glfw3.lib(window.obj); second definition ignored
glfw3dll.lib(glfw3.dll) : warning LNK4006: glfwGetWindowOpacity already defined in glfw3.lib(window.obj); second definition ignored
glfw3dll.lib(glfw3.dll) : warning LNK4006: glfwGetWindowMonitor already defined in glfw3.lib(window.obj); second definition ignored
glfw3dll.lib(glfw3.dll) : warning LNK4006: glfwGetWindowFrameSize already defined in glfw3.lib(window.obj); second definition ignored
glfw3dll.lib(glfw3.dll) : warning LNK4006: glfwGetWindowContentScale already defined in glfw3.lib(window.obj); second definition ignored
glfw3dll.lib(glfw3.dll) : warning LNK4006: glfwGetWindowAttrib already defined in glfw3.lib(window.obj); second definition ignored
glfw3dll.lib(glfw3.dll) : warning LNK4006: glfwGetWin32Window already defined in glfw3.lib(win32_window.obj); second definition ignored
glfw3dll.lib(glfw3.dll) : warning LNK4006: glfwGetWin32Monitor already defined in glfw3.lib(win32_monitor.obj); second definition ignored
glfw3dll.lib(glfw3.dll) : warning LNK4006: glfwGetWin32Adapter already defined in glfw3.lib(win32_monitor.obj); second definition ignored
glfw3dll.lib(glfw3.dll) : warning LNK4006: glfwGetWGLContext already defined in glfw3.lib(wgl_context.obj); second definition ignored
glfw3dll.lib(glfw3.dll) : warning LNK4006: glfwGetVideoModes already defined in glfw3.lib(monitor.obj); second definition ignored
glfw3dll.lib(glfw3.dll) : warning LNK4006: glfwGetVideoMode already defined in glfw3.lib(monitor.obj); second definition ignored
glfw3dll.lib(glfw3.dll) : warning LNK4006: glfwGetVersionString already defined in glfw3.lib(platform.obj); second definition ignored
glfw3dll.lib(glfw3.dll) : warning LNK4006: glfwGetVersion already defined in glfw3.lib(init.obj); second definition ignored
glfw3dll.lib(glfw3.dll) : warning LNK4006: glfwGetTimerValue already defined in glfw3.lib(input.obj); second definition ignored
glfw3dll.lib(glfw3.dll) : warning LNK4006: glfwGetTimerFrequency already defined in glfw3.lib(input.obj); second definition ignored
glfw3dll.lib(glfw3.dll) : warning LNK4006: glfwGetTime already defined in glfw3.lib(input.obj); second definition ignored
glfw3dll.lib(glfw3.dll) : warning LNK4006: glfwGetRequiredInstanceExtensions already defined in glfw3.lib(vulkan.obj); second definition ignored
glfw3dll.lib(glfw3.dll) : warning LNK4006: glfwGetProcAddress already defined in glfw3.lib(context.obj); second definition ignored
glfw3dll.lib(glfw3.dll) : warning LNK4006: glfwGetPrimaryMonitor already defined in glfw3.lib(monitor.obj); second definition ignored
glfw3dll.lib(glfw3.dll) : warning LNK4006: glfwGetPlatform already defined in glfw3.lib(platform.obj); second definition ignored
glfw3dll.lib(glfw3.dll) : warning LNK4006: glfwGetPhysicalDevicePresentationSupport already defined in glfw3.lib(vulkan.obj); second definition ignored
glfw3dll.lib(glfw3.dll) : warning LNK4006: glfwGetOSMesaDepthBuffer already defined in glfw3.lib(osmesa_context.obj); second definition ignored
glfw3dll.lib(glfw3.dll) : warning LNK4006: glfwGetOSMesaContext already defined in glfw3.lib(osmesa_context.obj); second definition ignored
glfw3dll.lib(glfw3.dll) : warning LNK4006: glfwGetOSMesaColorBuffer already defined in glfw3.lib(osmesa_context.obj); second definition ignored
glfw3dll.lib(glfw3.dll) : warning LNK4006: glfwGetMouseButton already defined in glfw3.lib(input.obj); second definition ignored
glfw3dll.lib(glfw3.dll) : warning LNK4006: glfwGetMonitors already defined in glfw3.lib(monitor.obj); second definition ignored
glfw3dll.lib(glfw3.dll) : warning LNK4006: glfwGetMonitorWorkarea already defined in glfw3.lib(monitor.obj); second definition ignored
glfw3dll.lib(glfw3.dll) : warning LNK4006: glfwGetMonitorUserPointer already defined in glfw3.lib(monitor.obj); second definition ignored
glfw3dll.lib(glfw3.dll) : warning LNK4006: glfwGetMonitorPos already defined in glfw3.lib(monitor.obj); second definition ignored
glfw3dll.lib(glfw3.dll) : warning LNK4006: glfwGetMonitorPhysicalSize already defined in glfw3.lib(monitor.obj); second definition ignored
glfw3dll.lib(glfw3.dll) : warning LNK4006: glfwGetMonitorName already defined in glfw3.lib(monitor.obj); second definition ignored
glfw3dll.lib(glfw3.dll) : warning LNK4006: glfwGetMonitorContentScale already defined in glfw3.lib(monitor.obj); second definition ignored
glfw3dll.lib(glfw3.dll) : warning LNK4006: glfwGetKeyScancode already defined in glfw3.lib(input.obj); second definition ignored
glfw3dll.lib(glfw3.dll) : warning LNK4006: glfwGetKeyName already defined in glfw3.lib(input.obj); second definition ignored
glfw3dll.lib(glfw3.dll) : warning LNK4006: glfwGetKey already defined in glfw3.lib(input.obj); second definition ignored
glfw3dll.lib(glfw3.dll) : warning LNK4006: glfwGetJoystickUserPointer already defined in glfw3.lib(input.obj); second definition ignored
glfw3dll.lib(glfw3.dll) : warning LNK4006: glfwGetJoystickName already defined in glfw3.lib(input.obj); second definition ignored
glfw3dll.lib(glfw3.dll) : warning LNK4006: glfwGetJoystickHats already defined in glfw3.lib(input.obj); second definition ignored
glfw3dll.lib(glfw3.dll) : warning LNK4006: glfwGetJoystickGUID already defined in glfw3.lib(input.obj); second definition ignored
glfw3dll.lib(glfw3.dll) : warning LNK4006: glfwGetJoystickButtons already defined in glfw3.lib(input.obj); second definition ignored
glfw3dll.lib(glfw3.dll) : warning LNK4006: glfwGetJoystickAxes already defined in glfw3.lib(input.obj); second definition ignored
glfw3dll.lib(glfw3.dll) : warning LNK4006: glfwGetInstanceProcAddress already defined in glfw3.lib(vulkan.obj); second definition ignored
glfw3dll.lib(glfw3.dll) : warning LNK4006: glfwGetInputMode already defined in glfw3.lib(input.obj); second definition ignored
glfw3dll.lib(glfw3.dll) : warning LNK4006: glfwGetGammaRamp already defined in glfw3.lib(monitor.obj); second definition ignored
glfw3dll.lib(glfw3.dll) : warning LNK4006: glfwGetGamepadState already defined in glfw3.lib(input.obj); second definition ignored
glfw3dll.lib(glfw3.dll) : warning LNK4006: glfwGetGamepadName already defined in glfw3.lib(input.obj); second definition ignored
glfw3dll.lib(glfw3.dll) : warning LNK4006: glfwGetFramebufferSize already defined in glfw3.lib(window.obj); second definition ignored
glfw3dll.lib(glfw3.dll) : warning LNK4006: glfwGetError already defined in glfw3.lib(init.obj); second definition ignored
glfw3dll.lib(glfw3.dll) : warning LNK4006: glfwGetEGLSurface already defined in glfw3.lib(egl_context.obj); second definition ignored
glfw3dll.lib(glfw3.dll) : warning LNK4006: glfwGetEGLDisplay already defined in glfw3.lib(egl_context.obj); second definition ignored
glfw3dll.lib(glfw3.dll) : warning LNK4006: glfwGetEGLContext already defined in glfw3.lib(egl_context.obj); second definition ignored
glfw3dll.lib(glfw3.dll) : warning LNK4006: glfwGetCursorPos already defined in glfw3.lib(input.obj); second definition ignored
glfw3dll.lib(glfw3.dll) : warning LNK4006: glfwGetCurrentContext already defined in glfw3.lib(context.obj); second definition ignored
glfw3dll.lib(glfw3.dll) : warning LNK4006: glfwGetClipboardString already defined in glfw3.lib(input.obj); second definition ignored
glfw3dll.lib(glfw3.dll) : warning LNK4006: glfwFocusWindow already defined in glfw3.lib(window.obj); second definition ignored
glfw3dll.lib(glfw3.dll) : warning LNK4006: glfwExtensionSupported already defined in glfw3.lib(context.obj); second definition ignored
glfw3dll.lib(glfw3.dll) : warning LNK4006: glfwDestroyWindow already defined in glfw3.lib(window.obj); second definition ignored
glfw3dll.lib(glfw3.dll) : warning LNK4006: glfwDestroyCursor already defined in glfw3.lib(input.obj); second definition ignored
glfw3dll.lib(glfw3.dll) : warning LNK4006: glfwDefaultWindowHints already defined in glfw3.lib(window.obj); second definition ignored
glfw3dll.lib(glfw3.dll) : warning LNK4006: glfwCreateWindowSurface already defined in glfw3.lib(vulkan.obj); second definition ignored
glfw3dll.lib(glfw3.dll) : warning LNK4006: glfwCreateWindow already defined in glfw3.lib(window.obj); second definition ignored
glfw3dll.lib(glfw3.dll) : warning LNK4006: glfwCreateStandardCursor already defined in glfw3.lib(input.obj); second definition ignored
glfw3dll.lib(glfw3.dll) : warning LNK4006: glfwCreateCursor already defined in glfw3.lib(input.obj); second definition ignored
  SquareEngine.vcxproj -> D:\dev\SquareEngine\SquareEngine\SquareEngine\Binaries\windows-x86_64\Release\SquareEngine\SquareEngine.lib
